#! /usr/bin/vvp
:ivl_version "0.9.2 " "(v0_9_2)";
:vpi_time_precision + 0;
:vpi_module "system";
:vpi_module "v2005_math";
:vpi_module "va_math";
S_0x1bd8520 .scope module, "bram_dp" "bram_dp" 2 3;
 .timescale 0 0;
P_0x1bfd408 .param/l "ADDR_WIDTH" 2 5, +C4<01010>;
P_0x1bfd430 .param/l "DATA_WIDTH" 2 4, +C4<01001000>;
v0x1bd8680_0 .net "a_addr", 9 0, C4<zzzzzzzzzz>; 0 drivers
v0x1c0bcd0_0 .net "a_clk", 0 0, C4<z>; 0 drivers
v0x1c0bd70_0 .net "a_din", 71 0, C4<zzzzzzzzzzzzzzzzzzzzzzzzzzzzzzzzzzzzzzzzzzzzzzzzzzzzzzzzzzzzzzzzzzzzzzzz>; 0 drivers
v0x1c0be10_0 .var "a_dout", 71 0;
v0x1c0bec0_0 .net "a_wr", 0 0, C4<z>; 0 drivers
v0x1c0bf60_0 .net "b_addr", 9 0, C4<zzzzzzzzzz>; 0 drivers
v0x1c0c040_0 .net "b_clk", 0 0, C4<z>; 0 drivers
v0x1c0c0e0_0 .net "b_din", 71 0, C4<zzzzzzzzzzzzzzzzzzzzzzzzzzzzzzzzzzzzzzzzzzzzzzzzzzzzzzzzzzzzzzzzzzzzzzzz>; 0 drivers
v0x1c0c1d0_0 .var "b_dout", 71 0;
v0x1c0c270_0 .net "b_wr", 0 0, C4<z>; 0 drivers
v0x1c0c370 .array "mem", 0 1023, 71 0;
E_0x1bd6d60 .event posedge, v0x1c0c040_0;
E_0x1bd8630 .event posedge, v0x1c0bcd0_0;
    .scope S_0x1bd8520;
T_0 ;
    %wait E_0x1bd8630;
    %ix/getv 3, v0x1bd8680_0;
    %load/av 8, v0x1c0c370, 72;
    %ix/load 0, 72, 0;
    %assign/v0 v0x1c0be10_0, 0, 8;
    %load/v 8, v0x1c0bec0_0, 1;
    %jmp/0xz  T_0.0, 8;
    %load/v 8, v0x1c0bd70_0, 72;
    %ix/load 0, 72, 0;
    %assign/v0 v0x1c0be10_0, 0, 8;
    %load/v 8, v0x1c0bd70_0, 72;
    %ix/getv 3, v0x1bd8680_0;
    %jmp/1 t_0, 4;
    %ix/load 0, 72, 0; word width
    %ix/load 1, 0, 0; part off
    %assign/av v0x1c0c370, 0, 8;
t_0 ;
T_0.0 ;
    %jmp T_0;
    .thread T_0;
    .scope S_0x1bd8520;
T_1 ;
    %wait E_0x1bd6d60;
    %ix/getv 3, v0x1c0bf60_0;
    %load/av 8, v0x1c0c370, 72;
    %ix/load 0, 72, 0;
    %assign/v0 v0x1c0c1d0_0, 0, 8;
    %load/v 8, v0x1c0c270_0, 1;
    %jmp/0xz  T_1.0, 8;
    %load/v 8, v0x1c0c0e0_0, 72;
    %ix/load 0, 72, 0;
    %assign/v0 v0x1c0c1d0_0, 0, 8;
    %load/v 8, v0x1c0c0e0_0, 72;
    %ix/getv 3, v0x1c0bf60_0;
    %jmp/1 t_1, 4;
    %ix/load 0, 72, 0; word width
    %ix/load 1, 0, 0; part off
    %assign/av v0x1c0c370, 0, 8;
t_1 ;
T_1.0 ;
    %jmp T_1;
    .thread T_1;
# The file index is used to find the file name in the following table.
:file_names 3;
    "N/A";
    "<interactive>";
    "bram_sync_dp.v";
